Using pre-set license
Built from '2021.3/staging' branch; Version is '2021.3.29f1 (204d6dc9ae1c) revision 2116973'; Using compiler version '192829333'; Build Type 'Release'
OS: 'Windows 11  (10.0.22621) 64bit CoreSingleLanguage' Language: 'en' Physical Memory: 16108 MB
BatchMode: 1, IsHumanControllingUs: 0, StartBugReporterOnCrash: 0, Is64bit: 1, IsPro: 1

COMMAND LINE ARGUMENTS:
E:\Unity shit\2021.3.29f1\Editor\Unity.exe
-adb2
-batchMode
-noUpm
-name
AssetImportWorker4
-projectPath
E:/Unity shit/Unity Pong/Unity Pong
-logFile
Logs/AssetImportWorker4.log
-srvPort
52256
Successfully changed project path to: E:/Unity shit/Unity Pong/Unity Pong
E:/Unity shit/Unity Pong/Unity Pong
[UnityMemory] Configuration Parameters - Can be set up in boot.config
    "memorysetup-bucket-allocator-granularity=16"
    "memorysetup-bucket-allocator-bucket-count=8"
    "memorysetup-bucket-allocator-block-size=33554432"
    "memorysetup-bucket-allocator-block-count=8"
    "memorysetup-main-allocator-block-size=16777216"
    "memorysetup-thread-allocator-block-size=16777216"
    "memorysetup-gfx-main-allocator-block-size=16777216"
    "memorysetup-gfx-thread-allocator-block-size=16777216"
    "memorysetup-cache-allocator-block-size=4194304"
    "memorysetup-typetree-allocator-block-size=2097152"
    "memorysetup-profiler-bucket-allocator-granularity=16"
    "memorysetup-profiler-bucket-allocator-bucket-count=8"
    "memorysetup-profiler-bucket-allocator-block-size=33554432"
    "memorysetup-profiler-bucket-allocator-block-count=8"
    "memorysetup-profiler-allocator-block-size=16777216"
    "memorysetup-profiler-editor-allocator-block-size=1048576"
    "memorysetup-temp-allocator-size-main=16777216"
    "memorysetup-job-temp-allocator-block-size=2097152"
    "memorysetup-job-temp-allocator-block-size-background=1048576"
    "memorysetup-job-temp-allocator-reduction-small-platforms=262144"
    "memorysetup-temp-allocator-size-background-worker=32768"
    "memorysetup-temp-allocator-size-job-worker=262144"
    "memorysetup-temp-allocator-size-preload-manager=33554432"
    "memorysetup-temp-allocator-size-nav-mesh-worker=65536"
    "memorysetup-temp-allocator-size-audio-worker=65536"
    "memorysetup-temp-allocator-size-cloud-worker=32768"
    "memorysetup-temp-allocator-size-gi-baking-worker=262144"
    "memorysetup-temp-allocator-size-gfx=262144"
Player connection [21896] Host "[IP] 192.168.1.5 [Port] 0 [Flags] 2 [Guid] 1092698448 [EditorId] 1092698448 [Version] 1048832 [Id] WindowsEditor(7,Bobble) [Debug] 1 [PackageName] WindowsEditor [ProjectName] Editor" joined multi-casting on [225.0.0.222:54997]...

Player connection [21896] Host "[IP] 192.168.1.5 [Port] 0 [Flags] 2 [Guid] 1092698448 [EditorId] 1092698448 [Version] 1048832 [Id] WindowsEditor(7,Bobble) [Debug] 1 [PackageName] WindowsEditor [ProjectName] Editor" joined alternative multi-casting on [225.0.0.222:34997]...

Refreshing native plugins compatible for Editor in 94.86 ms, found 3 plugins.
Preloading 0 native plugins for Editor in 0.00 ms.
Initialize engine version: 2021.3.29f1 (204d6dc9ae1c)
[Subsystems] Discovering subsystems at path E:/Unity shit/2021.3.29f1/Editor/Data/Resources/UnitySubsystems
[Subsystems] Discovering subsystems at path E:/Unity shit/Unity Pong/Unity Pong/Assets
GfxDevice: creating device client; threaded=0; jobified=0
Direct3D:
    Version:  Direct3D 11.0 [level 11.1]
    Renderer: NVIDIA GeForce RTX 3060 Laptop GPU (ID=0x2560)
    Vendor:   NVIDIA
    VRAM:     6009 MB
    Driver:   31.0.15.3667
Initialize mono
Mono path[0] = 'E:/Unity shit/2021.3.29f1/Editor/Data/Managed'
Mono path[1] = 'E:/Unity shit/2021.3.29f1/Editor/Data/MonoBleedingEdge/lib/mono/unityjit-win32'
Mono config path = 'E:/Unity shit/2021.3.29f1/Editor/Data/MonoBleedingEdge/etc'
Using monoOptions --debugger-agent=transport=dt_socket,embedding=1,server=y,suspend=n,address=127.0.0.1:56852
Begin MonoManager ReloadAssembly
Registering precompiled unity dll's ...
Register platform support module: E:/Unity shit/2021.3.29f1/Editor/Data/PlaybackEngines/WindowsStandaloneSupport/UnityEditor.WindowsStandalone.Extensions.dll
Registered in 0.001396 seconds.
Native extension for WindowsStandalone target not found
Refreshing native plugins compatible for Editor in 99.09 ms, found 3 plugins.
Preloading 0 native plugins for Editor in 0.00 ms.
Mono: successfully reloaded assembly
- Completed reload, in  0.593 seconds
Domain Reload Profiling:
	ReloadAssembly (594ms)
		BeginReloadAssembly (72ms)
			ExecutionOrderSort (0ms)
			DisableScriptedObjects (0ms)
			BackupInstance (0ms)
			ReleaseScriptingObjects (0ms)
			CreateAndSetChildDomain (1ms)
		EndReloadAssembly (438ms)
			LoadAssemblies (71ms)
			RebuildTransferFunctionScriptingTraits (0ms)
			SetupTypeCache (103ms)
			ReleaseScriptCaches (0ms)
			RebuildScriptCaches (27ms)
			SetupLoadedEditorAssemblies (260ms)
				LogAssemblyErrors (0ms)
				InitializePlatformSupportModulesInManaged (7ms)
				SetLoadedEditorAssemblies (0ms)
				RefreshPlugins (99ms)
				BeforeProcessingInitializeOnLoad (1ms)
				ProcessInitializeOnLoadAttributes (110ms)
				ProcessInitializeOnLoadMethodAttributes (43ms)
				AfterProcessingInitializeOnLoad (0ms)
				EditorAssembliesLoaded (0ms)
			ExecutionOrderSort2 (0ms)
			AwakeInstancesAfterBackupRestoration (0ms)
Platform modules already initialized, skipping
Registering precompiled user dll's ...
Registered in 0.005602 seconds.
Begin MonoManager ReloadAssembly
Symbol file LoadedFromMemory doesn't match image E:\Unity shit\Unity Pong\Unity Pong\Library\PackageCache\com.unity.visualscripting@1.8.0\Editor\VisualScripting.Core\Dependencies\YamlDotNet\Unity.VisualScripting.YamlDotNet.dll
Symbol file LoadedFromMemory doesn't match image E:\Unity shit\Unity Pong\Unity Pong\Library\PackageCache\com.unity.visualscripting@1.8.0\Editor\VisualScripting.Core\Dependencies\DotNetZip\Unity.VisualScripting.IonicZip.dll
Native extension for WindowsStandalone target not found
Refreshing native plugins compatible for Editor in 100.34 ms, found 3 plugins.
Preloading 0 native plugins for Editor in 0.00 ms.
Mono: successfully reloaded assembly
- Completed reload, in  1.197 seconds
Domain Reload Profiling:
	ReloadAssembly (1197ms)
		BeginReloadAssembly (108ms)
			ExecutionOrderSort (0ms)
			DisableScriptedObjects (5ms)
			BackupInstance (0ms)
			ReleaseScriptingObjects (0ms)
			CreateAndSetChildDomain (19ms)
		EndReloadAssembly (1000ms)
			LoadAssemblies (84ms)
			RebuildTransferFunctionScriptingTraits (0ms)
			SetupTypeCache (304ms)
			ReleaseScriptCaches (1ms)
			RebuildScriptCaches (62ms)
			SetupLoadedEditorAssemblies (500ms)
				LogAssemblyErrors (0ms)
				InitializePlatformSupportModulesInManaged (4ms)
				SetLoadedEditorAssemblies (0ms)
				RefreshPlugins (100ms)
				BeforeProcessingInitializeOnLoad (92ms)
				ProcessInitializeOnLoadAttributes (218ms)
				ProcessInitializeOnLoadMethodAttributes (84ms)
				AfterProcessingInitializeOnLoad (2ms)
				EditorAssembliesLoaded (0ms)
			ExecutionOrderSort2 (0ms)
			AwakeInstancesAfterBackupRestoration (5ms)
Platform modules already initialized, skipping
========================================================================
Worker process is ready to serve import requests
Launched and connected shader compiler UnityShaderCompiler.exe after 0.06 seconds
Refreshing native plugins compatible for Editor in 1.23 ms, found 3 plugins.
Preloading 0 native plugins for Editor in 0.00 ms.
Unloading 5005 Unused Serialized files (Serialized files now loaded: 0)
Unloading 36 unused Assets / (0.7 MB). Loaded Objects now: 5465.
Memory consumption went from 201.0 MB to 200.3 MB.
Total: 5.173200 ms (FindLiveObjects: 0.470100 ms CreateObjectMapping: 0.341800 ms MarkObjects: 3.935100 ms  DeleteObjects: 0.424600 ms)

AssetImportParameters requested are different than current active one (requested -> active):
  custom:video-decoder-ogg-theora: a1e56fd34408186e4bbccfd4996cb3dc -> 
  custom:container-muxer-webm: aa71ff27fc2769a1b78a27578f13a17b -> 
  custom:container-demuxer-webm: 4f35f7cbe854078d1ac9338744f61a02 -> 
  custom:video-encoder-webm-vp8: eb34c28f22e8b96e1ab97ce403110664 -> 
  custom:video-codec-MediaFoundation-h265: 746d11721c4dcdbdad8f713fa42b33f4 -> 
  custom:audio-encoder-webm-vorbis: bf7c407c2cedff20999df2af8eb42d56 -> 
  custom:framework-win-MediaFoundation: 216162199b28c13a410421893ffa2e32 -> 
  custom:container-demuxer-ogg: 62fdf1f143b41e24485cea50d1cbac27 -> 
  custom:video-decoder-webm-vp8: 9c59270c3fd7afecdb556c50c9e8de78 -> 
  custom:audio-decoder-ogg-vorbis: bf7c407c2cedff20999df2af8eb42d56 -> 
========================================================================
Received Import Request.
  Time since last request: 2671.097961 seconds.
  path: Assets/Scripts game
  artifactKey: Guid(02a3527b6b33a924e8ec66aa805ea717) Importer(815301076,1909f56bfc062723c751e8b465ee728b)
Start importing Assets/Scripts game using Guid(02a3527b6b33a924e8ec66aa805ea717) Importer(815301076,1909f56bfc062723c751e8b465ee728b)  -> (artifact id: '3a0e356b0307ab49d414a030761b8f76') in 0.016259 seconds 
========================================================================
Received Import Request.
  Time since last request: 1.413087 seconds.
  path: Assets/Scripts game/Playercontrol.cs
  artifactKey: Guid(d552c7d383685634588b3150248e8d1e) Importer(815301076,1909f56bfc062723c751e8b465ee728b)
Start importing Assets/Scripts game/Playercontrol.cs using Guid(d552c7d383685634588b3150248e8d1e) Importer(815301076,1909f56bfc062723c751e8b465ee728b)  -> (artifact id: 'a761f589398a185e43ef5ebd04ca6015') in 0.027507 seconds 
========================================================================
Received Import Request.
  Time since last request: 4.034081 seconds.
  path: Assets/Scripts game/BallScript.cs
  artifactKey: Guid(6351ea6234846cd488d66ad231174526) Importer(815301076,1909f56bfc062723c751e8b465ee728b)
Start importing Assets/Scripts game/BallScript.cs using Guid(6351ea6234846cd488d66ad231174526) Importer(815301076,1909f56bfc062723c751e8b465ee728b)  -> (artifact id: '77909850cff36c784ed7a9aa1955ab35') in 0.008147 seconds 
========================================================================
Received Prepare
Refreshing native plugins compatible for Editor in 6.07 ms, found 3 plugins.
Preloading 0 native plugins for Editor in 0.00 ms.
Unloading 25 Unused Serialized files (Serialized files now loaded: 0)
Unloading 25 unused Assets / (0.7 MB). Loaded Objects now: 5465.
Memory consumption went from 92.8 MB to 92.1 MB.
Total: 5.091300 ms (FindLiveObjects: 0.446900 ms CreateObjectMapping: 0.414500 ms MarkObjects: 3.842600 ms  DeleteObjects: 0.385600 ms)

AssetImportParameters requested are different than current active one (requested -> active):
  custom:video-decoder-ogg-theora: a1e56fd34408186e4bbccfd4996cb3dc -> 
  custom:container-muxer-webm: aa71ff27fc2769a1b78a27578f13a17b -> 
  custom:container-demuxer-webm: 4f35f7cbe854078d1ac9338744f61a02 -> 
  custom:video-encoder-webm-vp8: eb34c28f22e8b96e1ab97ce403110664 -> 
  custom:video-codec-MediaFoundation-h265: 746d11721c4dcdbdad8f713fa42b33f4 -> 
  custom:CustomObjectIndexerAttribute: 6b0e35c9178b02a6363f3721b7b8e397 -> 
  custom:audio-encoder-webm-vorbis: bf7c407c2cedff20999df2af8eb42d56 -> 
  custom:framework-win-MediaFoundation: 216162199b28c13a410421893ffa2e32 -> 
  custom:container-demuxer-ogg: 62fdf1f143b41e24485cea50d1cbac27 -> 
  custom:video-decoder-webm-vp8: 9c59270c3fd7afecdb556c50c9e8de78 -> 
  custom:audio-decoder-ogg-vorbis: bf7c407c2cedff20999df2af8eb42d56 -> 
========================================================================
Received Import Request.
  Time since last request: 105.069872 seconds.
  path: Assets/kenney_ui-pack/preview.png
  artifactKey: Guid(c5424d5f0ff3ce34eb290e909d0aeb2f) Importer(815301076,1909f56bfc062723c751e8b465ee728b)
Start importing Assets/kenney_ui-pack/preview.png using Guid(c5424d5f0ff3ce34eb290e909d0aeb2f) Importer(815301076,1909f56bfc062723c751e8b465ee728b)  -> (artifact id: 'f165b320871d07e280e502470dd83684') in 0.020907 seconds 
========================================================================
Received Import Request.
  Time since last request: 5.764907 seconds.
  path: Assets/assets/Arena.prefab
  artifactKey: Guid(621b95eeb34474f21a5e5ebb21f57bd0) Importer(815301076,1909f56bfc062723c751e8b465ee728b)
Start importing Assets/assets/Arena.prefab using Guid(621b95eeb34474f21a5e5ebb21f57bd0) Importer(815301076,1909f56bfc062723c751e8b465ee728b)  -> (artifact id: 'b66a4851d8085a03225e92a2c1414c6d') in 0.012448 seconds 
========================================================================
Received Import Request.
  Time since last request: 0.000025 seconds.
  path: Assets/assets/PlayerTwo.prefab
  artifactKey: Guid(a24d2f7cf460541c99ea401ab475caa4) Importer(815301076,1909f56bfc062723c751e8b465ee728b)
Start importing Assets/assets/PlayerTwo.prefab using Guid(a24d2f7cf460541c99ea401ab475caa4) Importer(815301076,1909f56bfc062723c751e8b465ee728b)  -> (artifact id: 'c2d65935cd6bd1f10af5928c82756ede') in 0.011719 seconds 
========================================================================
Received Import Request.
  Time since last request: 0.000022 seconds.
  path: Assets/assets/WhatsApp Image 2023-05-09 at 10.45.20.jpg
  artifactKey: Guid(d2caa4b80a13eb64387959b8bc7a0df4) Importer(815301076,1909f56bfc062723c751e8b465ee728b)
Start importing Assets/assets/WhatsApp Image 2023-05-09 at 10.45.20.jpg using Guid(d2caa4b80a13eb64387959b8bc7a0df4) Importer(815301076,1909f56bfc062723c751e8b465ee728b)  -> (artifact id: 'd32333f1da680b257cda43021cf7d6ae') in 0.016907 seconds 
========================================================================
Received Import Request.
  Time since last request: 0.000019 seconds.
  path: Assets/assets/Frost.jpg
  artifactKey: Guid(cdd9076045da90143afa8d9a2778b8ae) Importer(815301076,1909f56bfc062723c751e8b465ee728b)
Start importing Assets/assets/Frost.jpg using Guid(cdd9076045da90143afa8d9a2778b8ae) Importer(815301076,1909f56bfc062723c751e8b465ee728b)  -> (artifact id: 'dab4e107ce81adcf0cfa85ce3225257a') in 0.013082 seconds 
========================================================================
Received Import Request.
  Time since last request: 0.000019 seconds.
  path: Assets/assets/Player.prefab
  artifactKey: Guid(8ba30c583e9114c27ba0c3ee746ab675) Importer(815301076,1909f56bfc062723c751e8b465ee728b)
Start importing Assets/assets/Player.prefab using Guid(8ba30c583e9114c27ba0c3ee746ab675) Importer(815301076,1909f56bfc062723c751e8b465ee728b)  -> (artifact id: 'ac16fe3a343fe05ae74e23cf11ff8815') in 0.009251 seconds 
========================================================================
Received Import Request.
  Time since last request: 50.070035 seconds.
  path: Assets/Scenes/Menu.prefab
  artifactKey: Guid(d2b60411a4835db45afc4727e1cbb150) Importer(815301076,1909f56bfc062723c751e8b465ee728b)
Start importing Assets/Scenes/Menu.prefab using Guid(d2b60411a4835db45afc4727e1cbb150) Importer(815301076,1909f56bfc062723c751e8b465ee728b)  -> (artifact id: '8c1d7999b3ac418c69c286f7e98ad49d') in 0.043198 seconds 
========================================================================
Received Import Request.
  Time since last request: 20.905082 seconds.
  path: Assets/Scenes/Main Menu.unity
  artifactKey: Guid(5e9db19a9d0a0584aa8986f29e068f83) Importer(815301076,1909f56bfc062723c751e8b465ee728b)
Start importing Assets/Scenes/Main Menu.unity using Guid(5e9db19a9d0a0584aa8986f29e068f83) Importer(815301076,1909f56bfc062723c751e8b465ee728b)  -> (artifact id: '1b4e4b8b99f8e660321a1da7bc45b190') in 0.007938 seconds 
========================================================================
Received Import Request.
  Time since last request: 1.719883 seconds.
  path: Assets/Scenes/Pong Main.unity
  artifactKey: Guid(2b65aa7cc99c4884cb47e769e4f22c18) Importer(815301076,1909f56bfc062723c751e8b465ee728b)
Start importing Assets/Scenes/Pong Main.unity using Guid(2b65aa7cc99c4884cb47e769e4f22c18) Importer(815301076,1909f56bfc062723c751e8b465ee728b)  -> (artifact id: 'e1d2ff91d25db64401bba8ff640967dc') in 0.007713 seconds 
========================================================================
Received Import Request.
  Time since last request: 2881.515981 seconds.
  path: Assets/Scripts game/CountDown.cs
  artifactKey: Guid(860b3612d2aa9b343b726240951c19db) Importer(815301076,1909f56bfc062723c751e8b465ee728b)
Start importing Assets/Scripts game/CountDown.cs using Guid(860b3612d2aa9b343b726240951c19db) Importer(815301076,1909f56bfc062723c751e8b465ee728b)  -> (artifact id: 'c03d86474e4163f4cf868b9e372fda56') in 0.005759 seconds 
========================================================================
Received Import Request.
  Time since last request: 4.187388 seconds.
  path: Assets/Scripts game/GameControl.cs
  artifactKey: Guid(c9308ed02d8591144989002b3a361052) Importer(815301076,1909f56bfc062723c751e8b465ee728b)
Start importing Assets/Scripts game/GameControl.cs using Guid(c9308ed02d8591144989002b3a361052) Importer(815301076,1909f56bfc062723c751e8b465ee728b)  -> (artifact id: '59449185734636a8c2a9637dd7c4cdd9') in 0.006726 seconds 
========================================================================
Received Import Request.
  Time since last request: 2.056967 seconds.
  path: Assets/Scripts game/GoalScript.cs
  artifactKey: Guid(60aea7bebfa09774aa3c12064c86c8da) Importer(815301076,1909f56bfc062723c751e8b465ee728b)
Start importing Assets/Scripts game/GoalScript.cs using Guid(60aea7bebfa09774aa3c12064c86c8da) Importer(815301076,1909f56bfc062723c751e8b465ee728b)  -> (artifact id: '9bf42cfc8a2820d0aea03a0094ccd883') in 0.007621 seconds 
========================================================================
Received Import Request.
  Time since last request: 1.466014 seconds.
  path: Assets/Scripts game/PauseMenu.cs
  artifactKey: Guid(0edd06265d47ffd4e96f5c2bf6d68e7f) Importer(815301076,1909f56bfc062723c751e8b465ee728b)
Start importing Assets/Scripts game/PauseMenu.cs using Guid(0edd06265d47ffd4e96f5c2bf6d68e7f) Importer(815301076,1909f56bfc062723c751e8b465ee728b)  -> (artifact id: 'd9b56bfae3c9737b2cbc6a5be3102b09') in 0.007627 seconds 
